<?xml version="1.0" encoding="UTF-8"?>
<testsuite name="CardGameTest" tests="1" skipped="0" failures="0" errors="0" timestamp="2022-06-09T07:47:07" hostname="DESKTOP-RUS4F9V" time="0.426">
  <properties/>
  <testcase name="start" classname="CardGameTest" time="0.426"/>
  <system-out><![CDATA[?[1;31m
Start test 1?[0m
A 2 3 4 5 6 7 8 9 10 J Q K

♠ ♥ ♦ ♣

]]></system-out>
  <system-err><![CDATA[]]></system-err>
</testsuite>
